<?xml version="1.0" encoding="UTF-8"?>
<!-- Generated by org.testng.reporters.JUnitXMLReporter -->
<testsuite hostname="RezaAsus" ignored="0" name="Command line test" tests="8" failures="0" timestamp="2020-04-27T12:32:33 EDT" time="0.051" errors="0">
  <testcase name="a1" time="0.007" classname="Criglist.TestClass1"/>
  <testcase name="a2" time="0.0" classname="Criglist.TestClass1"/>
  <testcase name="a3" time="0.001" classname="Criglist.TestClass1"/>
  <testcase name="a4" time="0.0" classname="Criglist.TestClass1"/>
  <testcase name="a1" time="0.0" classname="Criglist.TestClass2"/>
  <testcase name="a2" time="0.0" classname="Criglist.TestClass2"/>
  <testcase name="a3" time="0.0" classname="Criglist.TestClass2"/>
  <testcase name="a4" time="0.001" classname="Criglist.TestClass2"/>
</testsuite> <!-- Command line test -->
