<?xml version="1.0" encoding="UTF-8"?>
<!-- Generated by org.testng.reporters.JUnitXMLReporter -->
<testsuite hostname="RezaAsus" ignored="0" name="Test" tests="9" failures="0" timestamp="2020-04-28T15:24:38 EDT" time="38.026" errors="0">
  <testcase name="a1" time="0.002" classname="Criglist.TestClass2"/>
  <testcase name="a2" time="0.0" classname="Criglist.TestClass2"/>
  <testcase name="a3" time="0.0" classname="Criglist.TestClass2"/>
  <testcase name="a4" time="0.0" classname="Criglist.TestClass2"/>
  <testcase name="a1" time="0.001" classname="Criglist.TestClass1"/>
  <testcase name="a2" time="0.0" classname="Criglist.TestClass1"/>
  <testcase name="a3" time="0.0" classname="Criglist.TestClass1"/>
  <testcase name="a4" time="0.001" classname="Criglist.TestClass1"/>
  <testcase name="details" time="18.166" classname="Criglist.PostIphone"/>
</testsuite> <!-- Test -->
