<?xml version="1.0" encoding="UTF-8"?>
<testsuite xmlns:xsi="http://www.w3.org/2001/XMLSchema-instance" xsi:noNamespaceSchemaLocation="https://maven.apache.org/surefire/maven-surefire-plugin/xsd/surefire-test-report-3.0.xsd" version="3.0" name="TestSuite" time="39.675" tests="9" errors="0" skipped="0" failures="0">
  <properties>
[...]
</properties>
  <testcase name="a1" classname="Criglist.TestClass2" time="0.003"/>
  <testcase name="a2" classname="Criglist.TestClass2" time="0"/>
  <testcase name="a3" classname="Criglist.TestClass2" time="0"/>
  <testcase name="a4" classname="Criglist.TestClass2" time="0.001"/>
  <testcase name="a1" classname="Criglist.TestClass1" time="0"/>
  <testcase name="a2" classname="Criglist.TestClass1" time="0"/>
  <testcase name="a3" classname="Criglist.TestClass1" time="0"/>
  <testcase name="a4" classname="Criglist.TestClass1" time="0"/>
  <testcase name="details" classname="Criglist.PostIphone" time="18.166"/>
</testsuite>