<?xml version="1.0" encoding="UTF-8"?>
<testng-results ignored="0" total="1" passed="1" failed="0" skipped="0">
  <reporter-output>
    <line>
      <![CDATA[******************************************Get Data Imported Staretd******************************************]]>
    </line>
    <line>
      <![CDATA[******************************************Get Data Imported Ended******************************************]]>
    </line>
    <line>
      <![CDATA[**************************************** initilize Driver MEthod Started ******************************************]]>
    </line>
    <line>
      <![CDATA[**************************************** initilize Driver MEthod Ended ******************************************]]>
    </line>
    <line>
      <![CDATA[******************************************Url Open Strated******************************************]]>
    </line>
    <line>
      <![CDATA[******************************************Url Open Ended******************************************]]>
    </line>
    <line>
      <![CDATA[******************************************Validate Url Strated******************************************]]>
    </line>
    <line>
      <![CDATA[******************************************Validate Url Ended******************************************]]>
    </line>
    <line>
      <![CDATA[******************************************Get Data From Excel Started******************************************]]>
    </line>
    <line>
      <![CDATA[******************************************Get Data From Excel Ended******************************************]]>
    </line>
    <line>
      <![CDATA[****************************************** Expected Browser Close Started ******************************************]]>
    </line>
    <line>
      <![CDATA[******************************************Expected Browser Closed ******************************************]]>
    </line>
  </reporter-output>
  <suite started-at="2020-04-28T15:18:25 EDT" name="Default suite" finished-at="2020-04-28T15:19:21 EDT" duration-ms="56256">
    <groups>
    </groups>
    <test started-at="2020-04-28T15:18:25 EDT" name="Default test" finished-at="2020-04-28T15:19:21 EDT" duration-ms="56256">
      <class name="Criglist.PostIphone">
        <test-method is-config="true" signature="commonAll()[pri:0, instance:Criglist.PostIphone@740d2e78]" started-at="2020-04-28T15:18:25 EDT" name="commonAll" finished-at="2020-04-28T15:18:57 EDT" duration-ms="32433" status="PASS">
          <reporter-output>
            <line>
              <![CDATA[******************************************Get Data Imported Staretd******************************************]]>
            </line>
            <line>
              <![CDATA[******************************************Get Data Imported Ended******************************************]]>
            </line>
            <line>
              <![CDATA[**************************************** initilize Driver MEthod Started ******************************************]]>
            </line>
            <line>
              <![CDATA[**************************************** initilize Driver MEthod Ended ******************************************]]>
            </line>
            <line>
              <![CDATA[******************************************Url Open Strated******************************************]]>
            </line>
            <line>
              <![CDATA[******************************************Url Open Ended******************************************]]>
            </line>
            <line>
              <![CDATA[******************************************Validate Url Strated******************************************]]>
            </line>
            <line>
              <![CDATA[******************************************Validate Url Ended******************************************]]>
            </line>
          </reporter-output>
        </test-method> <!-- commonAll -->
        <test-method signature="details()[pri:0, instance:Criglist.PostIphone@740d2e78]" started-at="2020-04-28T15:18:57 EDT" name="details" finished-at="2020-04-28T15:19:20 EDT" duration-ms="22664" status="PASS">
          <reporter-output>
            <line>
              <![CDATA[******************************************Get Data From Excel Started******************************************]]>
            </line>
            <line>
              <![CDATA[******************************************Get Data From Excel Ended******************************************]]>
            </line>
          </reporter-output>
        </test-method> <!-- details -->
        <test-method is-config="true" signature="closeBrowser()[pri:0, instance:Criglist.PostIphone@740d2e78]" started-at="2020-04-28T15:19:20 EDT" name="closeBrowser" finished-at="2020-04-28T15:19:21 EDT" duration-ms="1122" status="PASS">
          <reporter-output>
            <line>
              <![CDATA[****************************************** Expected Browser Close Started ******************************************]]>
            </line>
            <line>
              <![CDATA[******************************************Expected Browser Closed ******************************************]]>
            </line>
          </reporter-output>
        </test-method> <!-- closeBrowser -->
      </class> <!-- Criglist.PostIphone -->
    </test> <!-- Default test -->
  </suite> <!-- Default suite -->
</testng-results>
